This is pdfTeX, Version 3.14159265-2.6-1.40.20 (TeX Live 2019/W32TeX) (preloaded format=pdflatex 2019.7.24)  31 JUL 2019 18:24
entering extended mode
 restricted \write18 enabled.
 %&-line parsing enabled.
**"final report final version.tex"
(./final report final version.tex
LaTeX2e <2018-12-01>
(e:/texlive/2019/texmf-dist/tex/latex/base/report.cls
Document Class: report 2018/09/03 v1.4i Standard LaTeX document class
(e:/texlive/2019/texmf-dist/tex/latex/base/size12.clo
File: size12.clo 2018/09/03 v1.4i Standard LaTeX file (size option)
)
\c@part=\count80
\c@chapter=\count81
\c@section=\count82
\c@subsection=\count83
\c@subsubsection=\count84
\c@paragraph=\count85
\c@subparagraph=\count86
\c@figure=\count87
\c@table=\count88
\abovecaptionskip=\skip41
\belowcaptionskip=\skip42
\bibindent=\dimen102
)
(e:/texlive/2019/texmf-dist/tex/latex/geometry/geometry.sty
Package: geometry 2018/04/16 v5.8 Page Geometry

(e:/texlive/2019/texmf-dist/tex/latex/graphics/keyval.sty
Package: keyval 2014/10/28 v1.15 key=value parser (DPC)
\KV@toks@=\toks14
)
(e:/texlive/2019/texmf-dist/tex/generic/oberdiek/ifpdf.sty
Package: ifpdf 2018/09/07 v3.3 Provides the ifpdf switch
)
(e:/texlive/2019/texmf-dist/tex/generic/oberdiek/ifvtex.sty
Package: ifvtex 2016/05/16 v1.6 Detect VTeX and its facilities (HO)
Package ifvtex Info: VTeX not detected.
)
(e:/texlive/2019/texmf-dist/tex/generic/ifxetex/ifxetex.sty
Package: ifxetex 2010/09/12 v0.6 Provides ifxetex conditional
)
\Gm@cnth=\count89
\Gm@cntv=\count90
\c@Gm@tempcnt=\count91
\Gm@bindingoffset=\dimen103
\Gm@wd@mp=\dimen104
\Gm@odd@mp=\dimen105
\Gm@even@mp=\dimen106
\Gm@layoutwidth=\dimen107
\Gm@layoutheight=\dimen108
\Gm@layouthoffset=\dimen109
\Gm@layoutvoffset=\dimen110
\Gm@dimlist=\toks15
)
(e:/texlive/2019/texmf-dist/tex/latex/graphics/graphicx.sty
Package: graphicx 2017/06/01 v1.1a Enhanced LaTeX Graphics (DPC,SPQR)

(e:/texlive/2019/texmf-dist/tex/latex/graphics/graphics.sty
Package: graphics 2017/06/25 v1.2c Standard LaTeX Graphics (DPC,SPQR)

(e:/texlive/2019/texmf-dist/tex/latex/graphics/trig.sty
Package: trig 2016/01/03 v1.10 sin cos tan (DPC)
)
(e:/texlive/2019/texmf-dist/tex/latex/graphics-cfg/graphics.cfg
File: graphics.cfg 2016/06/04 v1.11 sample graphics configuration
)
Package graphics Info: Driver file: pdftex.def on input line 99.

(e:/texlive/2019/texmf-dist/tex/latex/graphics-def/pdftex.def
File: pdftex.def 2018/01/08 v1.0l Graphics/color driver for pdftex
))
\Gin@req@height=\dimen111
\Gin@req@width=\dimen112
)
(e:/texlive/2019/texmf-dist/tex/latex/caption/caption.sty
Package: caption 2018/10/06 v3.3-154 Customizing captions (AR)

(e:/texlive/2019/texmf-dist/tex/latex/caption/caption3.sty
Package: caption3 2018/09/12 v1.8c caption3 kernel (AR)
Package caption3 Info: TeX engine: e-TeX on input line 64.
\captionmargin=\dimen113
\captionmargin@=\dimen114
\captionwidth=\dimen115
\caption@tempdima=\dimen116
\caption@indent=\dimen117
\caption@parindent=\dimen118
\caption@hangindent=\dimen119
)
\c@caption@flags=\count92
\c@ContinuedFloat=\count93
)
(e:/texlive/2019/texmf-dist/tex/latex/tools/array.sty
Package: array 2018/12/30 v2.4k Tabular extension package (FMi)
\col@sep=\dimen120
\ar@mcellbox=\box27
\extrarowheight=\dimen121
\NC@list=\toks16
\extratabsurround=\skip43
\backup@length=\skip44
\ar@cellbox=\box28
)
(e:/texlive/2019/texmf-dist/tex/latex/ms/ragged2e.sty
Package: ragged2e 2009/05/21 v2.1 ragged2e Package (MS)

(e:/texlive/2019/texmf-dist/tex/latex/ms/everysel.sty
Package: everysel 2011/10/28 v1.2 EverySelectfont Package (MS)
)
\CenteringLeftskip=\skip45
\RaggedLeftLeftskip=\skip46
\RaggedRightLeftskip=\skip47
\CenteringRightskip=\skip48
\RaggedLeftRightskip=\skip49
\RaggedRightRightskip=\skip50
\CenteringParfillskip=\skip51
\RaggedLeftParfillskip=\skip52
\RaggedRightParfillskip=\skip53
\JustifyingParfillskip=\skip54
\CenteringParindent=\skip55
\RaggedLeftParindent=\skip56
\RaggedRightParindent=\skip57
\JustifyingParindent=\skip58
)
(e:/texlive/2019/texmf-dist/tex/latex/listings/listings.sty
\lst@mode=\count94
\lst@gtempboxa=\box29
\lst@token=\toks17
\lst@length=\count95
\lst@currlwidth=\dimen122
\lst@column=\count96
\lst@pos=\count97
\lst@lostspace=\dimen123
\lst@width=\dimen124
\lst@newlines=\count98
\lst@lineno=\count99
\lst@maxwidth=\dimen125

(e:/texlive/2019/texmf-dist/tex/latex/listings/lstmisc.sty
File: lstmisc.sty 2019/02/27 1.8b (Carsten Heinz)
\c@lstnumber=\count100
\lst@skipnumbers=\count101
\lst@framebox=\box30
)
(e:/texlive/2019/texmf-dist/tex/latex/listings/listings.cfg
File: listings.cfg 2019/02/27 1.8b listings configuration
))
Package: listings 2019/02/27 1.8b (Carsten Heinz)

(e:/texlive/2019/texmf-dist/tex/latex/hyperref/hyperref.sty
Package: hyperref 2018/11/30 v6.88e Hypertext links for LaTeX

(e:/texlive/2019/texmf-dist/tex/generic/oberdiek/hobsub-hyperref.sty
Package: hobsub-hyperref 2016/05/16 v1.14 Bundle oberdiek, subset hyperref (HO)


(e:/texlive/2019/texmf-dist/tex/generic/oberdiek/hobsub-generic.sty
Package: hobsub-generic 2016/05/16 v1.14 Bundle oberdiek, subset generic (HO)
Package: hobsub 2016/05/16 v1.14 Construct package bundles (HO)
Package: infwarerr 2016/05/16 v1.4 Providing info/warning/error messages (HO)
Package: ltxcmds 2016/05/16 v1.23 LaTeX kernel commands for general use (HO)
Package: ifluatex 2016/05/16 v1.4 Provides the ifluatex switch (HO)
Package ifluatex Info: LuaTeX not detected.
Package hobsub Info: Skipping package `ifvtex' (already loaded).
Package: intcalc 2016/05/16 v1.2 Expandable calculations with integers (HO)
Package hobsub Info: Skipping package `ifpdf' (already loaded).
Package: etexcmds 2016/05/16 v1.6 Avoid name clashes with e-TeX commands (HO)
Package: kvsetkeys 2016/05/16 v1.17 Key value parser (HO)
Package: kvdefinekeys 2016/05/16 v1.4 Define keys (HO)
Package: pdftexcmds 2018/09/10 v0.29 Utility functions of pdfTeX for LuaTeX (HO
)
Package pdftexcmds Info: LuaTeX not detected.
Package pdftexcmds Info: \pdf@primitive is available.
Package pdftexcmds Info: \pdf@ifprimitive is available.
Package pdftexcmds Info: \pdfdraftmode found.
Package: pdfescape 2016/05/16 v1.14 Implements pdfTeX's escape features (HO)
Package: bigintcalc 2016/05/16 v1.4 Expandable calculations on big integers (HO
)
Package: bitset 2016/05/16 v1.2 Handle bit-vector datatype (HO)
Package: uniquecounter 2016/05/16 v1.3 Provide unlimited unique counter (HO)
)
Package hobsub Info: Skipping package `hobsub' (already loaded).
Package: letltxmacro 2016/05/16 v1.5 Let assignment for LaTeX macros (HO)
Package: hopatch 2016/05/16 v1.3 Wrapper for package hooks (HO)
Package: xcolor-patch 2016/05/16 xcolor patch
Package: atveryend 2016/05/16 v1.9 Hooks at the very end of document (HO)
Package atveryend Info: \enddocument detected (standard20110627).
Package: atbegshi 2016/06/09 v1.18 At begin shipout hook (HO)
Package: refcount 2016/05/16 v3.5 Data extraction from label references (HO)
Package: hycolor 2016/05/16 v1.8 Color options for hyperref/bookmark (HO)
)
(e:/texlive/2019/texmf-dist/tex/latex/oberdiek/auxhook.sty
Package: auxhook 2016/05/16 v1.4 Hooks for auxiliary files (HO)
)
(e:/texlive/2019/texmf-dist/tex/latex/oberdiek/kvoptions.sty
Package: kvoptions 2016/05/16 v3.12 Key value format for package options (HO)
)
\@linkdim=\dimen126
\Hy@linkcounter=\count102
\Hy@pagecounter=\count103

(e:/texlive/2019/texmf-dist/tex/latex/hyperref/pd1enc.def
File: pd1enc.def 2018/11/30 v6.88e Hyperref: PDFDocEncoding definition (HO)
Now handling font encoding PD1 ...
... no UTF-8 mapping file for font encoding PD1
)
\Hy@SavedSpaceFactor=\count104

(e:/texlive/2019/texmf-dist/tex/latex/latexconfig/hyperref.cfg
File: hyperref.cfg 2002/06/06 v1.2 hyperref configuration of TeXLive
)
Package hyperref Info: Hyper figures OFF on input line 4519.
Package hyperref Info: Link nesting OFF on input line 4524.
Package hyperref Info: Hyper index ON on input line 4527.
Package hyperref Info: Plain pages OFF on input line 4534.
Package hyperref Info: Backreferencing OFF on input line 4539.
Package hyperref Info: Implicit mode ON; LaTeX internals redefined.
Package hyperref Info: Bookmarks ON on input line 4772.
\c@Hy@tempcnt=\count105

(e:/texlive/2019/texmf-dist/tex/latex/url/url.sty
\Urlmuskip=\muskip10
Package: url 2013/09/16  ver 3.4  Verb mode for urls, etc.
)
LaTeX Info: Redefining \url on input line 5125.
\XeTeXLinkMargin=\dimen127
\Fld@menulength=\count106
\Field@Width=\dimen128
\Fld@charsize=\dimen129
Package hyperref Info: Hyper figures OFF on input line 6380.
Package hyperref Info: Link nesting OFF on input line 6385.
Package hyperref Info: Hyper index ON on input line 6388.
Package hyperref Info: backreferencing OFF on input line 6395.
Package hyperref Info: Link coloring OFF on input line 6400.
Package hyperref Info: Link coloring with OCG OFF on input line 6405.
Package hyperref Info: PDF/A mode OFF on input line 6410.
LaTeX Info: Redefining \ref on input line 6450.
LaTeX Info: Redefining \pageref on input line 6454.
\Hy@abspage=\count107
\c@Item=\count108
\c@Hfootnote=\count109
)
Package hyperref Info: Driver (autodetected): hpdftex.

(e:/texlive/2019/texmf-dist/tex/latex/hyperref/hpdftex.def
File: hpdftex.def 2018/11/30 v6.88e Hyperref driver for pdfTeX
\Fld@listcount=\count110
\c@bookmark@seq@number=\count111

(e:/texlive/2019/texmf-dist/tex/latex/oberdiek/rerunfilecheck.sty
Package: rerunfilecheck 2016/05/16 v1.8 Rerun checks for auxiliary files (HO)
Package uniquecounter Info: New unique counter `rerunfilecheck' on input line 2
82.
)
\Hy@SectionHShift=\skip59
)
(e:/texlive/2019/texmf-dist/tex/latex/caption/subcaption.sty
Package: subcaption 2018/05/01 v1.1-162 Sub-captions (AR)
\c@subfigure=\count112
\c@subtable=\count113
)
(e:/texlive/2019/texmf-dist/tex/latex/float/float.sty
Package: float 2001/11/08 v1.3d Float enhancements (AL)
\c@float@type=\count114
\float@exts=\toks18
\float@box=\box31
\@float@everytoks=\toks19
\@floatcapt=\box32
)
(e:/texlive/2019/texmf-dist/tex/latex/xcolor/xcolor.sty
Package: xcolor 2016/05/11 v2.12 LaTeX color extensions (UK)

(e:/texlive/2019/texmf-dist/tex/latex/graphics-cfg/color.cfg
File: color.cfg 2016/01/02 v1.6 sample color configuration
)
Package xcolor Info: Driver file: pdftex.def on input line 225.
Package xcolor Info: Model `cmy' substituted by `cmy0' on input line 1348.
Package xcolor Info: Model `hsb' substituted by `rgb' on input line 1352.
Package xcolor Info: Model `RGB' extended on input line 1364.
Package xcolor Info: Model `HTML' substituted by `rgb' on input line 1366.
Package xcolor Info: Model `Hsb' substituted by `hsb' on input line 1367.
Package xcolor Info: Model `tHsb' substituted by `hsb' on input line 1368.
Package xcolor Info: Model `HSB' substituted by `hsb' on input line 1369.
Package xcolor Info: Model `Gray' substituted by `gray' on input line 1370.
Package xcolor Info: Model `wave' substituted by `hsb' on input line 1371.
)
Package hyperref Info: Option `colorlinks' set `true' on input line 27.

(./final report final version.aux)
\openout1 = `"final report final version.aux"'.

LaTeX Font Info:    Checking defaults for OML/cmm/m/it on input line 53.
LaTeX Font Info:    ... okay on input line 53.
LaTeX Font Info:    Checking defaults for T1/cmr/m/n on input line 53.
LaTeX Font Info:    ... okay on input line 53.
LaTeX Font Info:    Checking defaults for OT1/cmr/m/n on input line 53.
LaTeX Font Info:    ... okay on input line 53.
LaTeX Font Info:    Checking defaults for OMS/cmsy/m/n on input line 53.
LaTeX Font Info:    ... okay on input line 53.
LaTeX Font Info:    Checking defaults for OMX/cmex/m/n on input line 53.
LaTeX Font Info:    ... okay on input line 53.
LaTeX Font Info:    Checking defaults for U/cmr/m/n on input line 53.
LaTeX Font Info:    ... okay on input line 53.
LaTeX Font Info:    Checking defaults for PD1/pdf/m/n on input line 53.
LaTeX Font Info:    ... okay on input line 53.

*geometry* driver: auto-detecting
*geometry* detected driver: pdftex
*geometry* verbose mode - [ preamble ] result:
* driver: pdftex
* paper: a4paper
* layout: <same size as paper>
* layoutoffset:(h,v)=(0.0pt,0.0pt)
* modes: 
* h-part:(L,W,R)=(85.35826pt, 426.79135pt, 85.35826pt)
* v-part:(T,H,B)=(85.35826pt, 674.33032pt, 85.35826pt)
* \paperwidth=597.50787pt
* \paperheight=845.04684pt
* \textwidth=426.79135pt
* \textheight=674.33032pt
* \oddsidemargin=13.08827pt
* \evensidemargin=13.08827pt
* \topmargin=-23.91173pt
* \headheight=12.0pt
* \headsep=25.0pt
* \topskip=12.0pt
* \footskip=30.0pt
* \marginparwidth=35.0pt
* \marginparsep=10.0pt
* \columnsep=10.0pt
* \skip\footins=10.8pt plus 4.0pt minus 2.0pt
* \hoffset=0.0pt
* \voffset=0.0pt
* \mag=1000
* \@twocolumnfalse
* \@twosidefalse
* \@mparswitchfalse
* \@reversemarginfalse
* (1in=72.27pt=25.4mm, 1cm=28.453pt)

(e:/texlive/2019/texmf-dist/tex/context/base/mkii/supp-pdf.mkii
[Loading MPS to PDF converter (version 2006.09.02).]
\scratchcounter=\count115
\scratchdimen=\dimen130
\scratchbox=\box33
\nofMPsegments=\count116
\nofMParguments=\count117
\everyMPshowfont=\toks20
\MPscratchCnt=\count118
\MPscratchDim=\dimen131
\MPnumerator=\count119
\makeMPintoPDFobject=\count120
\everyMPtoPDFconversion=\toks21
) (e:/texlive/2019/texmf-dist/tex/latex/oberdiek/epstopdf-base.sty
Package: epstopdf-base 2016/05/15 v2.6 Base part for package epstopdf

(e:/texlive/2019/texmf-dist/tex/latex/oberdiek/grfext.sty
Package: grfext 2016/05/16 v1.2 Manage graphics extensions (HO)
)
Package epstopdf-base Info: Redefining graphics rule for `.eps' on input line 4
38.
Package grfext Info: Graphics extension search list:
(grfext)             [.pdf,.png,.jpg,.mps,.jpeg,.jbig2,.jb2,.PDF,.PNG,.JPG,.JPE
G,.JBIG2,.JB2,.eps]
(grfext)             \AppendGraphicsExtensions on input line 456.

(e:/texlive/2019/texmf-dist/tex/latex/latexconfig/epstopdf-sys.cfg
File: epstopdf-sys.cfg 2010/07/13 v1.3 Configuration of (r)epstopdf for TeX Liv
e
))
Package caption Info: Begin \AtBeginDocument code.
Package caption Info: float package is loaded.
Package caption Info: hyperref package is loaded.
Package caption Info: listings package is loaded.
Package caption Info: End \AtBeginDocument code.

ABD: EverySelectfont initializing macros
LaTeX Info: Redefining \selectfont on input line 53.
\c@lstlisting=\count121
\AtBeginShipoutBox=\box34
Package hyperref Info: Link coloring ON on input line 53.

(e:/texlive/2019/texmf-dist/tex/latex/hyperref/nameref.sty
Package: nameref 2016/05/21 v2.44 Cross-referencing by name of section

(e:/texlive/2019/texmf-dist/tex/generic/oberdiek/gettitlestring.sty
Package: gettitlestring 2016/05/16 v1.5 Cleanup title references (HO)
)
\c@section@level=\count122
)
LaTeX Info: Redefining \ref on input line 53.
LaTeX Info: Redefining \pageref on input line 53.
LaTeX Info: Redefining \nameref on input line 53.

(./final report final version.out) (./final report final version.out)
\@outlinefile=\write3
\openout3 = `"final report final version.out"'.

<iit.png, id=104, 185.94469pt x 189.70876pt>
File: iit.png Graphic file (type png)
<use iit.png>
Package pdftex.def Info: iit.png  used on input line 57.
(pdftex.def)             Requested size: 128.0387pt x 130.63286pt.
<fossee-logo.png, id=106, 145.0234pt x 55.5923pt>
File: fossee-logo.png Graphic file (type png)
<use fossee-logo.png>
Package pdftex.def Info: fossee-logo.png  used on input line 59.
(pdftex.def)             Requested size: 170.71393pt x 65.44308pt.
LaTeX Font Info:    External font `cmex10' loaded for size
(Font)              <14.4> on input line 89.
LaTeX Font Info:    External font `cmex10' loaded for size
(Font)              <7> on input line 89.


LaTeX Warning: No \author given.

[1

{e:/texlive/2019/texmf-var/fonts/map/pdftex/updmap/pdftex.map} <./iit.png> <./f
ossee-logo.png>]pdfTeX warning (ext4): destination with the same identifier (na
me{page.1}) has been already used, duplicate ignored
<to be read again> 
                   \relax 
l.104 \tableofcontents
                       [1] (./final report final version.toc
LaTeX Font Info:    External font `cmex10' loaded for size
(Font)              <12> on input line 3.
LaTeX Font Info:    External font `cmex10' loaded for size
(Font)              <8> on input line 3.
LaTeX Font Info:    External font `cmex10' loaded for size
(Font)              <6> on input line 3.
)
\tf@toc=\write4
\openout4 = `"final report final version.toc"'.

 [2

]
Chapter 1.
LaTeX Font Info:    Try loading font information for OMS+cmr on input line 114.

(e:/texlive/2019/texmf-dist/tex/latex/base/omscmr.fd
File: omscmr.fd 2014/09/29 v2.5h Standard LaTeX font definitions
)
LaTeX Font Info:    Font shape `OMS/cmr/m/n' in size <12> not available
(Font)              Font shape `OMS/cmsy/m/n' tried instead on input line 114.
 [3

] [4]
Chapter 2.
<ward_map_of_tvm.jpg, id=165, 407.05923pt x 245.22385pt>
File: ward_map_of_tvm.jpg Graphic file (type jpg)
<use ward_map_of_tvm.jpg>
Package pdftex.def Info: ward_map_of_tvm.jpg  used on input line 141.
(pdftex.def)             Requested size: 362.77525pt x 218.5591pt.

LaTeX Warning: Reference `fig:kcr' on page 5 undefined on input line 147.

[5

 <./ward_map_of_tvm.jpg>] [6] [7]
Chapter 3.
[8

]
<cent_decent.jpg, id=198, 845.0772pt x 1195.1049pt>
File: cent_decent.jpg Graphic file (type jpg)
<use cent_decent.jpg>
Package pdftex.def Info: cent_decent.jpg  used on input line 189.
(pdftex.def)             Requested size: 277.41176pt x 392.30696pt.
 [9 <./cent_decent.jpg>] [10]
<eng_dia_aero.png, id=213, 432.11438pt x 446.41782pt>
File: eng_dia_aero.png Graphic file (type png)
<use eng_dia_aero.png>
Package pdftex.def Info: eng_dia_aero.png  used on input line 213.
(pdftex.def)             Requested size: 277.41176pt x 286.60558pt.
<aerobins.jpg, id=214, 400.3758pt x 225.4824pt>
File: aerobins.jpg Graphic file (type jpg)
<use aerobins.jpg>
Package pdftex.def Info: aerobins.jpg  used on input line 220.
(pdftex.def)             Requested size: 320.0935pt x 180.28294pt.
 [11 <./eng_dia_aero.png> <./aerobins.jpg>]
Chapter 4.
<data_collect.jpg, id=222, 451.4466pt x 253.9086pt>
File: data_collect.jpg Graphic file (type jpg)
<use data_collect.jpg>
Package pdftex.def Info: data_collect.jpg  used on input line 230.
(pdftex.def)             Requested size: 298.75264pt x 168.0296pt.
<ledger_book.png, id=224, 350.81062pt x 426.09187pt>
File: ledger_book.png Graphic file (type png)
<use ledger_book.png>
Package pdftex.def Info: ledger_book.png  used on input line 239.
(pdftex.def)             Requested size: 213.39568pt x 259.19397pt.
[12

 <./data_collect.jpg>]
<odk.png, id=233, 199.4652pt x 313.6518pt>
File: odk.png Graphic file (type png)
<use odk.png>
Package pdftex.def Info: odk.png  used on input line 248.
(pdftex.def)             Requested size: 170.71393pt x 268.45264pt.
<ODKbuild.png, id=234, 1028.34187pt x 578.16pt>
File: ODKbuild.png Graphic file (type png)
<use ODKbuild.png>
Package pdftex.def Info: ODKbuild.png  used on input line 255.
(pdftex.def)             Requested size: 426.79135pt x 239.95839pt.
 [13 <./ledger_book.PNG> <./odk.png>]
<odk_flow.png, id=244, 602.25pt x 602.25pt>
File: odk_flow.png Graphic file (type png)
<use odk_flow.png>
Package pdftex.def Info: odk_flow.png  used on input line 262.
(pdftex.def)             Requested size: 341.43437pt x 341.44815pt.
 [14 <./ODKbuild.png> <./odk_flow.png>]
Chapter 5.
<waste_inflow_outflow.jpg, id=251, 436.7284pt x 341.92258pt>
File: waste_inflow_outflow.jpg Graphic file (type jpg)
<use waste_inflow_outflow.jpg>
Package pdftex.def Info: waste_inflow_outflow.jpg  used on input line 287.
(pdftex.def)             Requested size: 256.07741pt x 200.49083pt.
<inflow_outflow_label.png, id=252, 328.97906pt x 248.42813pt>
File: inflow_outflow_label.png Graphic file (type png)
<use inflow_outflow_label.png>
Package pdftex.def Info: inflow_outflow_label.png  used on input line 290.
(pdftex.def)             Requested size: 64.01608pt x 48.33904pt.
[15

]
<abc_ward.png, id=257, 423.08063pt x 331.2375pt>
File: abc_ward.png Graphic file (type png)
<use abc_ward.png>
Package pdftex.def Info: abc_ward.png  used on input line 300.
(pdftex.def)             Requested size: 298.75264pt x 233.90659pt.
 [16 <./waste_inflow_outflow.jpg> <./inflow_outflow_label.PNG> <./abc_ward.png>
]
<waste_processing.png, id=269, 1391.1975pt x 849.1725pt>
File: waste_processing.png Graphic file (type png)
<use waste_processing.png>
Package pdftex.def Info: waste_processing.png  used on input line 314.
(pdftex.def)             Requested size: 426.79135pt x 260.50676pt.
 [17 <./waste_processing.png>]
<waste_inflow.png, id=276, 539.76656pt x 411.03563pt>
File: waste_inflow.png Graphic file (type png)
<use waste_inflow.png>
Package pdftex.def Info: waste_inflow.png  used on input line 325.
(pdftex.def)             Requested size: 426.79135pt x 325.00937pt.
<table_waste_dens.png, id=279, 873.2625pt x 1293.33188pt>
File: table_waste_dens.png Graphic file (type png)
<use table_waste_dens.png>
Package pdftex.def Info: table_waste_dens.png  used on input line 336.
(pdftex.def)             Requested size: 426.79135pt x 632.10019pt.
 [18 <./waste_inflow.png>] [19 <./table_waste_dens.png>]
<waste_gen_dens.png, id=294, 712.91344pt x 499.8675pt>
File: waste_gen_dens.png Graphic file (type png)
<use waste_gen_dens.png>
Package pdftex.def Info: waste_gen_dens.png  used on input line 345.
(pdftex.def)             Requested size: 426.79135pt x 299.2516pt.
<qgis_ui.png, id=296, 794.39185pt x 412.51927pt>
File: qgis_ui.png Graphic file (type png)
<use qgis_ui.png>
Package pdftex.def Info: qgis_ui.png  used on input line 355.
(pdftex.def)             Requested size: 426.79135pt x 221.63036pt.
 [20 <./waste_gen_dens.png>]
<popdens.png, id=303, 844.65562pt x 597.35672pt>
File: popdens.png Graphic file (type png)
<use popdens.png>
Package pdftex.def Info: popdens.png  used on input line 365.
(pdftex.def)             Requested size: 256.07741pt x 181.1043pt.
<wastedens.png, id=305, 844.65562pt x 597.35672pt>
File: wastedens.png Graphic file (type png)
<use wastedens.png>
Package pdftex.def Info: wastedens.png  used on input line 374.
(pdftex.def)             Requested size: 256.07741pt x 181.1043pt.
 [21 <./qgis_ui.png> <./popdens.png>]
[22 <./wastedens.png>]
Chapter 6.
<mathmod.png, id=321, 655.248pt x 293.4162pt>
File: mathmod.png Graphic file (type png)
<use mathmod.png>
Package pdftex.def Info: mathmod.png  used on input line 384.
(pdftex.def)             Requested size: 341.43437pt x 152.89517pt.
[23

 <./mathmod.png>]

Package hyperref Warning: Difference (2) between bookmark levels is greater 
(hyperref)                than one, level fixed on input line 399.

(e:/texlive/2019/texmf-dist/tex/latex/listings/lstlang1.sty
File: lstlang1.sty 2019/02/27 1.8b listings language file
)
(e:/texlive/2019/texmf-dist/tex/latex/listings/lstlang2.sty
File: lstlang2.sty 2019/02/27 1.8b listings language file
)
(e:/texlive/2019/texmf-dist/tex/latex/listings/lstlang3.sty
File: lstlang3.sty 2019/02/27 1.8b listings language file
) (./barchart.R)
[24]
<optimal.png, id=384, 362.7954pt x 254.3904pt>
File: optimal.png Graphic file (type png)
<use optimal.png>
Package pdftex.def Info: optimal.png  used on input line 414.
(pdftex.def)             Requested size: 298.75264pt x 209.49037pt.
<exis.png, id=385, 712.91344pt x 499.8675pt>
File: exis.png Graphic file (type png)
<use exis.png>
Package pdftex.def Info: exis.png  used on input line 421.
(pdftex.def)             Requested size: 298.75264pt x 209.47002pt.
 [25 <./optimal.png>]
<construc.png, id=394, 712.91344pt x 499.8675pt>
File: construc.png Graphic file (type png)
<use construc.png>
Package pdftex.def Info: construc.png  used on input line 430.
(pdftex.def)             Requested size: 298.75264pt x 209.47002pt.
 [26 <./exis.png> <./construc.png>]
<bin_loc.png, id=400, 1027.58907pt x 578.16pt>
File: bin_loc.png Graphic file (type png)
<use bin_loc.png>
Package pdftex.def Info: bin_loc.png  used on input line 442.
(pdftex.def)             Requested size: 426.79135pt x 240.126pt.
 [27 <./bin_loc.png>]
<kochi.png, id=406, 456.7464pt x 321.3606pt>
File: kochi.png Graphic file (type png)
<use kochi.png>
Package pdftex.def Info: kochi.png  used on input line 453.
(pdftex.def)             Requested size: 298.75264pt x 210.20587pt.
<alapuzha.png, id=407, 461.75195pt x 324.48746pt>
File: alapuzha.png Graphic file (type png)
<use alapuzha.png>
Package pdftex.def Info: alapuzha.png  used on input line 460.
(pdftex.def)             Requested size: 298.75264pt x 209.93893pt.
 [28 <./kochi.png> <./alapuzha.png>]
Chapter 7.
[29

] (./final report final version.lof)
\tf@lof=\write5
\openout5 = `"final report final version.lof"'.

 [30

]
Package atveryend Info: Empty hook `BeforeClearDocument' on input line 520.
 [31

]
Package atveryend Info: Empty hook `AfterLastShipout' on input line 520.

(./final report final version.aux)
Package atveryend Info: Executing hook `AtVeryEndDocument' on input line 520.
Package atveryend Info: Executing hook `AtEndAfterFileList' on input line 520.
Package rerunfilecheck Info: File `"final report final version".out' has not ch
anged.
(rerunfilecheck)             Checksum: B257D1A92788DD8FC19AA94913E10759;1640.


LaTeX Warning: There were undefined references.

Package atveryend Info: Empty hook `AtVeryVeryEnd' on input line 520.
 ) 
Here is how much of TeX's memory you used:
 10079 strings out of 492623
 145571 string characters out of 6133290
 520893 words of memory out of 5000000
 13567 multiletter control sequences out of 15000+600000
 11013 words of font info for 39 fonts, out of 8000000 for 9000
 1141 hyphenation exceptions out of 8191
 36i,8n,42p,1328b,1910s stack positions out of 5000i,500n,10000p,200000b,80000s
<e:/texlive/2019/texmf-dist/fonts/type1/public/amsfonts/cm/cmbx12.pfb><e:/tex
live/2019/texmf-dist/fonts/type1/public/amsfonts/cm/cmr10.pfb><e:/texlive/2019/
texmf-dist/fonts/type1/public/amsfonts/cm/cmr12.pfb><e:/texlive/2019/texmf-dist
/fonts/type1/public/amsfonts/cm/cmr6.pfb><e:/texlive/2019/texmf-dist/fonts/type
1/public/amsfonts/cm/cmr8.pfb><e:/texlive/2019/texmf-dist/fonts/type1/public/am
sfonts/cm/cmsy10.pfb><e:/texlive/2019/texmf-dist/fonts/type1/public/amsfonts/cm
/cmsy8.pfb><e:/texlive/2019/texmf-dist/fonts/type1/public/amsfonts/cm/cmti12.pf
b><e:/texlive/2019/texmf-dist/fonts/type1/public/amsfonts/cm/cmtt10.pfb>
Output written on "final report final version.pdf" (32 pages, 8210844 bytes).
PDF statistics:
 549 PDF objects out of 1000 (max. 8388607)
 457 compressed objects within 5 object streams
 143 named destinations out of 1000 (max. 500000)
 341 words of extra memory for PDF output out of 10000 (max. 10000000)

